[0.022s] Invoking command in '/home/yzksy/mirs2502_standard/build/mirs_description': CMAKE_PREFIX_PATH=/opt/ros/humble /usr/bin/cmake /home/yzksy/mirs2502_standard/src/mirs_description -DAMENT_CMAKE_SYMLINK_INSTALL=1 -DCMAKE_INSTALL_PREFIX=/home/yzksy/mirs2502_standard/install/mirs_description
[0.232s] -- The C compiler identification is GNU 11.4.0
[0.371s] -- The CXX compiler identification is GNU 11.4.0
[0.390s] -- Detecting C compiler ABI info
[0.478s] -- Detecting C compiler ABI info - done
[0.486s] -- Check for working C compiler: /usr/bin/cc - skipped
[0.491s] -- Detecting C compile features
[0.492s] -- Detecting C compile features - done
[0.497s] -- Detecting CXX compiler ABI info
[0.597s] -- Detecting CXX compiler ABI info - done
[0.605s] -- Check for working CXX compiler: /usr/bin/c++ - skipped
[0.605s] -- Detecting CXX compile features
[0.605s] -- Detecting CXX compile features - done
[0.631s] -- Found ament_cmake: 1.3.12 (/opt/ros/humble/share/ament_cmake/cmake)
[0.834s] -- Found Python3: /usr/bin/python3 (found version "3.10.12") found components: Interpreter 
[0.918s] -- Override CMake install command with custom implementation using symlinks instead of copying resources
[0.969s] -- Found ament_lint_auto: 0.12.14 (/opt/ros/humble/share/ament_lint_auto/cmake)
[1.097s] -- Added test 'flake8' to check Python code syntax and style conventions
[1.100s] -- Added test 'lint_cmake' to check CMake code style
[1.102s] -- Added test 'pep257' to check Python code against some of the docstring style conventions in PEP 257
[1.111s] -- Added test 'xmllint' to check XML markup files
[1.114s] -- Configuring done
[1.120s] -- Generating done
[1.122s] -- Build files have been written to: /home/yzksy/mirs2502_standard/build/mirs_description
[1.129s] Invoked command in '/home/yzksy/mirs2502_standard/build/mirs_description' returned '0': CMAKE_PREFIX_PATH=/opt/ros/humble /usr/bin/cmake /home/yzksy/mirs2502_standard/src/mirs_description -DAMENT_CMAKE_SYMLINK_INSTALL=1 -DCMAKE_INSTALL_PREFIX=/home/yzksy/mirs2502_standard/install/mirs_description
[1.132s] Invoking command in '/home/yzksy/mirs2502_standard/build/mirs_description': CMAKE_PREFIX_PATH=/opt/ros/humble /usr/bin/cmake --build /home/yzksy/mirs2502_standard/build/mirs_description -- -j16 -l16
[1.187s] Invoked command in '/home/yzksy/mirs2502_standard/build/mirs_description' returned '0': CMAKE_PREFIX_PATH=/opt/ros/humble /usr/bin/cmake --build /home/yzksy/mirs2502_standard/build/mirs_description -- -j16 -l16
[1.200s] Invoking command in '/home/yzksy/mirs2502_standard/build/mirs_description': CMAKE_PREFIX_PATH=/opt/ros/humble /usr/bin/cmake --install /home/yzksy/mirs2502_standard/build/mirs_description
[1.209s] -- Install configuration: ""
[1.210s] -- Execute custom install script
[1.211s] -- Symlinking: /home/yzksy/mirs2502_standard/install/mirs_description/share/mirs_description/urdf/mirs.urdf
[1.222s] -- Symlinking: /home/yzksy/mirs2502_standard/install/mirs_description/share/mirs_description/launch/display.launch.py
[1.234s] -- Symlinking: /home/yzksy/mirs2502_standard/install/mirs_description/share/ament_index/resource_index/package_run_dependencies/mirs_description
[1.245s] -- Symlinking: /home/yzksy/mirs2502_standard/install/mirs_description/share/ament_index/resource_index/parent_prefix_path/mirs_description
[1.257s] -- Symlinking: /home/yzksy/mirs2502_standard/install/mirs_description/share/mirs_description/environment/ament_prefix_path.sh
[1.268s] -- Symlinking: /home/yzksy/mirs2502_standard/install/mirs_description/share/mirs_description/environment/ament_prefix_path.dsv
[1.280s] -- Symlinking: /home/yzksy/mirs2502_standard/install/mirs_description/share/mirs_description/environment/path.sh
[1.291s] -- Symlinking: /home/yzksy/mirs2502_standard/install/mirs_description/share/mirs_description/environment/path.dsv
[1.302s] -- Symlinking: /home/yzksy/mirs2502_standard/install/mirs_description/share/mirs_description/local_setup.bash
[1.314s] -- Symlinking: /home/yzksy/mirs2502_standard/install/mirs_description/share/mirs_description/local_setup.sh
[1.325s] -- Symlinking: /home/yzksy/mirs2502_standard/install/mirs_description/share/mirs_description/local_setup.zsh
[1.336s] -- Symlinking: /home/yzksy/mirs2502_standard/install/mirs_description/share/mirs_description/local_setup.dsv
[1.347s] -- Symlinking: /home/yzksy/mirs2502_standard/install/mirs_description/share/mirs_description/package.dsv
[1.358s] -- Symlinking: /home/yzksy/mirs2502_standard/install/mirs_description/share/ament_index/resource_index/packages/mirs_description
[1.369s] -- Symlinking: /home/yzksy/mirs2502_standard/install/mirs_description/share/mirs_description/cmake/mirs_descriptionConfig.cmake
[1.380s] -- Symlinking: /home/yzksy/mirs2502_standard/install/mirs_description/share/mirs_description/cmake/mirs_descriptionConfig-version.cmake
[1.392s] -- Symlinking: /home/yzksy/mirs2502_standard/install/mirs_description/share/mirs_description/package.xml
[1.407s] Invoked command in '/home/yzksy/mirs2502_standard/build/mirs_description' returned '0': CMAKE_PREFIX_PATH=/opt/ros/humble /usr/bin/cmake --install /home/yzksy/mirs2502_standard/build/mirs_description
