[0.015s] Invoking command in '/home/yzksy/mirs2502_standard/build/mirs_description': CMAKE_PREFIX_PATH=${CMAKE_PREFIX_PATH}:/home/yzksy/mirs2502_standard/src/install/coverage_planner:/opt/ros/humble /usr/bin/cmake --build /home/yzksy/mirs2502_standard/build/mirs_description -- -j16 -l16
[0.049s] Invoked command in '/home/yzksy/mirs2502_standard/build/mirs_description' returned '0': CMAKE_PREFIX_PATH=${CMAKE_PREFIX_PATH}:/home/yzksy/mirs2502_standard/src/install/coverage_planner:/opt/ros/humble /usr/bin/cmake --build /home/yzksy/mirs2502_standard/build/mirs_description -- -j16 -l16
[0.062s] Invoking command in '/home/yzksy/mirs2502_standard/build/mirs_description': CMAKE_PREFIX_PATH=${CMAKE_PREFIX_PATH}:/home/yzksy/mirs2502_standard/src/install/coverage_planner:/opt/ros/humble /usr/bin/cmake --install /home/yzksy/mirs2502_standard/build/mirs_description
[0.071s] -- Install configuration: ""
[0.071s] -- Execute custom install script
[0.072s] -- Up-to-date symlink: /home/yzksy/mirs2502_standard/install/mirs_description/share/mirs_description/urdf/mirs.urdf
[0.072s] -- Up-to-date symlink: /home/yzksy/mirs2502_standard/install/mirs_description/share/mirs_description/launch/display.launch.py
[0.072s] -- Up-to-date symlink: /home/yzksy/mirs2502_standard/install/mirs_description/share/ament_index/resource_index/package_run_dependencies/mirs_description
[0.073s] -- Up-to-date symlink: /home/yzksy/mirs2502_standard/install/mirs_description/share/ament_index/resource_index/parent_prefix_path/mirs_description
[0.073s] -- Up-to-date symlink: /home/yzksy/mirs2502_standard/install/mirs_description/share/mirs_description/environment/ament_prefix_path.sh
[0.073s] -- Up-to-date symlink: /home/yzksy/mirs2502_standard/install/mirs_description/share/mirs_description/environment/ament_prefix_path.dsv
[0.073s] -- Up-to-date symlink: /home/yzksy/mirs2502_standard/install/mirs_description/share/mirs_description/environment/path.sh
[0.074s] -- Up-to-date symlink: /home/yzksy/mirs2502_standard/install/mirs_description/share/mirs_description/environment/path.dsv
[0.074s] -- Up-to-date symlink: /home/yzksy/mirs2502_standard/install/mirs_description/share/mirs_description/local_setup.bash
[0.074s] -- Up-to-date symlink: /home/yzksy/mirs2502_standard/install/mirs_description/share/mirs_description/local_setup.sh
[0.075s] -- Up-to-date symlink: /home/yzksy/mirs2502_standard/install/mirs_description/share/mirs_description/local_setup.zsh
[0.075s] -- Up-to-date symlink: /home/yzksy/mirs2502_standard/install/mirs_description/share/mirs_description/local_setup.dsv
[0.075s] -- Symlinking: /home/yzksy/mirs2502_standard/install/mirs_description/share/mirs_description/package.dsv
[0.089s] -- Up-to-date symlink: /home/yzksy/mirs2502_standard/install/mirs_description/share/ament_index/resource_index/packages/mirs_description
[0.090s] -- Up-to-date symlink: /home/yzksy/mirs2502_standard/install/mirs_description/share/mirs_description/cmake/mirs_descriptionConfig.cmake
[0.090s] -- Up-to-date symlink: /home/yzksy/mirs2502_standard/install/mirs_description/share/mirs_description/cmake/mirs_descriptionConfig-version.cmake
[0.090s] -- Up-to-date symlink: /home/yzksy/mirs2502_standard/install/mirs_description/share/mirs_description/package.xml
[0.093s] Invoked command in '/home/yzksy/mirs2502_standard/build/mirs_description' returned '0': CMAKE_PREFIX_PATH=${CMAKE_PREFIX_PATH}:/home/yzksy/mirs2502_standard/src/install/coverage_planner:/opt/ros/humble /usr/bin/cmake --install /home/yzksy/mirs2502_standard/build/mirs_description
