[0.040s] Invoking command in '/home/yzksy/mirs2502_standard/build/bt_pkg': CMAKE_PREFIX_PATH=/opt/ros/humble /usr/bin/cmake /home/yzksy/mirs2502_standard/src/bt_pkg -DAMENT_CMAKE_SYMLINK_INSTALL=1 -DCMAKE_INSTALL_PREFIX=/home/yzksy/mirs2502_standard/install/bt_pkg
[0.258s] -- The C compiler identification is GNU 11.4.0
[0.397s] -- The CXX compiler identification is GNU 11.4.0
[0.416s] -- Detecting C compiler ABI info
[0.505s] -- Detecting C compiler ABI info - done
[0.513s] -- Check for working C compiler: /usr/bin/cc - skipped
[0.517s] -- Detecting C compile features
[0.518s] -- Detecting C compile features - done
[0.523s] -- Detecting CXX compiler ABI info
[0.623s] -- Detecting CXX compiler ABI info - done
[0.631s] -- Check for working CXX compiler: /usr/bin/c++ - skipped
[0.632s] -- Detecting CXX compile features
[0.632s] -- Detecting CXX compile features - done
[0.658s] -- Found ament_cmake: 1.3.12 (/opt/ros/humble/share/ament_cmake/cmake)
[0.860s] -- Found Python3: /usr/bin/python3 (found version "3.10.12") found components: Interpreter 
[0.944s] -- Override CMake install command with custom implementation using symlinks instead of copying resources
[0.995s] -- Found rclcpp: 16.0.16 (/opt/ros/humble/share/rclcpp/cmake)
[1.063s] -- Found rosidl_generator_c: 3.1.7 (/opt/ros/humble/share/rosidl_generator_c/cmake)
[1.073s] -- Found rosidl_adapter: 3.1.7 (/opt/ros/humble/share/rosidl_adapter/cmake)
[1.088s] -- Found rosidl_generator_cpp: 3.1.7 (/opt/ros/humble/share/rosidl_generator_cpp/cmake)
[1.116s] -- Using all available rosidl_typesupport_c: rosidl_typesupport_fastrtps_c;rosidl_typesupport_introspection_c
[1.150s] -- Using all available rosidl_typesupport_cpp: rosidl_typesupport_fastrtps_cpp;rosidl_typesupport_introspection_cpp
[1.256s] -- Found rmw_implementation_cmake: 6.1.2 (/opt/ros/humble/share/rmw_implementation_cmake/cmake)
[1.262s] -- Found rmw_fastrtps_cpp: 6.2.9 (/opt/ros/humble/share/rmw_fastrtps_cpp/cmake)
[1.405s] -- Found OpenSSL: /usr/lib/x86_64-linux-gnu/libcrypto.so (found version "3.0.2")  
[1.452s] -- Found FastRTPS: /opt/ros/humble/include  
[1.533s] -- Using RMW implementation 'rmw_fastrtps_cpp' as default
[1.573s] -- Looking for pthread.h
[1.694s] -- Looking for pthread.h - found
[1.694s] -- Performing Test CMAKE_HAVE_LIBC_PTHREAD
[1.898s] -- Performing Test CMAKE_HAVE_LIBC_PTHREAD - Success
[1.900s] -- Found Threads: TRUE  
[2.082s] -- Found geometry_msgs: 4.9.0 (/opt/ros/humble/share/geometry_msgs/cmake)
[2.114s] -- Found nav_msgs: 4.9.0 (/opt/ros/humble/share/nav_msgs/cmake)
[2.187s] -- Found nav2_msgs: 1.1.20 (/opt/ros/humble/share/nav2_msgs/cmake)
[2.428s] -- Found nav2_behavior_tree: 1.1.20 (/opt/ros/humble/share/nav2_behavior_tree/cmake)
[3.238s] -- Found eigen3_cmake_module: 0.1.1 (/opt/ros/humble/share/eigen3_cmake_module/cmake)
[3.242s] -- Found Eigen3: TRUE (found version "3.4.0") 
[3.242s] -- Ensuring Eigen3 include directory is part of orocos-kdl CMake target
[3.663s] [31mCMake Error at CMakeLists.txt:17 (find_package):
[3.663s]   By not providing "Findmirs_msgs.cmake" in CMAKE_MODULE_PATH this project
[3.664s]   has asked CMake to find a package configuration file provided by
[3.664s]   "mirs_msgs", but CMake did not find one.
[3.664s] 
[3.664s]   Could not find a package configuration file provided by "mirs_msgs" with
[3.664s]   any of the following names:
[3.664s] 
[3.664s]     mirs_msgsConfig.cmake
[3.664s]     mirs_msgs-config.cmake
[3.665s] 
[3.667s] -- Configuring incomplete, errors occurred!
[3.667s] See also "/home/yzksy/mirs2502_standard/build/bt_pkg/CMakeFiles/CMakeOutput.log".
[3.675s]   Add the installation prefix of "mirs_msgs" to CMAKE_PREFIX_PATH or set
[3.675s]   "mirs_msgs_DIR" to a directory containing one of the above files.  If
[3.675s]   "mirs_msgs" provides a separate development package or SDK, be sure it has
[3.676s]   been installed.
[3.676s] 
[3.676s] [0m
[3.719s] Invoked command in '/home/yzksy/mirs2502_standard/build/bt_pkg' returned '1': CMAKE_PREFIX_PATH=/opt/ros/humble /usr/bin/cmake /home/yzksy/mirs2502_standard/src/bt_pkg -DAMENT_CMAKE_SYMLINK_INSTALL=1 -DCMAKE_INSTALL_PREFIX=/home/yzksy/mirs2502_standard/install/bt_pkg
