[0.021s] Invoking command in '/home/yzksy/mirs2502_standard/build/mirs_msgs': CMAKE_PREFIX_PATH=${CMAKE_PREFIX_PATH}:/home/yzksy/mirs2502_standard/src/install/coverage_planner:/opt/ros/humble /usr/bin/cmake /home/yzksy/mirs2502_standard/src/mirs_msgs -DAMENT_CMAKE_SYMLINK_INSTALL=1 -DCMAKE_INSTALL_PREFIX=/home/yzksy/mirs2502_standard/install/mirs_msgs
[0.101s] -- The C compiler identification is GNU 11.4.0
[0.170s] -- The CXX compiler identification is GNU 11.4.0
[0.177s] -- Detecting C compiler ABI info
[0.248s] -- Detecting C compiler ABI info - done
[0.254s] -- Check for working C compiler: /usr/bin/cc - skipped
[0.255s] -- Detecting C compile features
[0.255s] -- Detecting C compile features - done
[0.258s] -- Detecting CXX compiler ABI info
[0.343s] -- Detecting CXX compiler ABI info - done
[0.353s] -- Check for working CXX compiler: /usr/bin/c++ - skipped
[0.353s] -- Detecting CXX compile features
[0.353s] -- Detecting CXX compile features - done
[0.358s] -- Found ament_cmake: 1.3.12 (/opt/ros/humble/share/ament_cmake/cmake)
[0.530s] -- Found Python3: /usr/bin/python3 (found version "3.10.12") found components: Interpreter 
[0.599s] -- Override CMake install command with custom implementation using symlinks instead of copying resources
[0.634s] -- Found rosidl_default_generators: 1.2.0 (/opt/ros/humble/share/rosidl_default_generators/cmake)
[0.640s] -- Using all available rosidl_typesupport_c: rosidl_typesupport_fastrtps_c;rosidl_typesupport_introspection_c
[0.648s] -- Found rosidl_adapter: 3.1.7 (/opt/ros/humble/share/rosidl_adapter/cmake)
[0.692s] -- Using all available rosidl_typesupport_cpp: rosidl_typesupport_fastrtps_cpp;rosidl_typesupport_introspection_cpp
[1.128s] -- Found ament_cmake_ros: 0.10.0 (/opt/ros/humble/share/ament_cmake_ros/cmake)
[1.326s] -- Using all available rosidl_typesupport_c: rosidl_typesupport_fastrtps_c;rosidl_typesupport_introspection_c
[1.572s] -- Using all available rosidl_typesupport_cpp: rosidl_typesupport_fastrtps_cpp;rosidl_typesupport_introspection_cpp
[1.597s] -- Found PythonInterp: /usr/bin/python3 (found suitable version "3.10.12", minimum required is "3.6") 
[1.600s] -- Found python_cmake_module: 0.10.0 (/opt/ros/humble/share/python_cmake_module/cmake)
[1.626s] -- Found PythonLibs: /usr/lib/x86_64-linux-gnu/libpython3.10.so (found suitable version "3.10.12", minimum required is "3.5") 
[1.626s] -- Using PYTHON_EXECUTABLE: /usr/bin/python3
[1.626s] -- Using PYTHON_INCLUDE_DIRS: /usr/include/python3.10
[1.626s] -- Using PYTHON_LIBRARIES: /usr/lib/x86_64-linux-gnu/libpython3.10.so
[1.646s] -- Found PythonExtra: .so  
[1.703s] -- Configuring done
[1.749s] -- Generating done
[1.760s] -- Build files have been written to: /home/yzksy/mirs2502_standard/build/mirs_msgs
[1.769s] Invoked command in '/home/yzksy/mirs2502_standard/build/mirs_msgs' returned '0': CMAKE_PREFIX_PATH=${CMAKE_PREFIX_PATH}:/home/yzksy/mirs2502_standard/src/install/coverage_planner:/opt/ros/humble /usr/bin/cmake /home/yzksy/mirs2502_standard/src/mirs_msgs -DAMENT_CMAKE_SYMLINK_INSTALL=1 -DCMAKE_INSTALL_PREFIX=/home/yzksy/mirs2502_standard/install/mirs_msgs
[1.770s] Invoking command in '/home/yzksy/mirs2502_standard/build/mirs_msgs': CMAKE_PREFIX_PATH=${CMAKE_PREFIX_PATH}:/home/yzksy/mirs2502_standard/src/install/coverage_planner:/opt/ros/humble /usr/bin/cmake --build /home/yzksy/mirs2502_standard/build/mirs_msgs -- -j16 -l16
[1.813s] [  1%] [34m[1mGenerating C code for ROS interfaces[0m
[1.823s] [  2%] [34m[1mGenerating C++ code for ROS interfaces[0m
[1.833s] [  2%] Built target ament_cmake_python_symlink_mirs_msgs
[2.110s] running egg_info
[2.110s] creating mirs_msgs.egg-info
[2.111s] writing mirs_msgs.egg-info/PKG-INFO
[2.111s] writing dependency_links to mirs_msgs.egg-info/dependency_links.txt
[2.111s] writing top-level names to mirs_msgs.egg-info/top_level.txt
[2.111s] writing manifest file 'mirs_msgs.egg-info/SOURCES.txt'
[2.115s] reading manifest file 'mirs_msgs.egg-info/SOURCES.txt'
[2.116s] writing manifest file 'mirs_msgs.egg-info/SOURCES.txt'
[2.155s] [  2%] Built target ament_cmake_python_build_mirs_msgs_egg
[3.025s] [  2%] Built target mirs_msgs__cpp
[3.046s] [  4%] [32mBuilding C object CMakeFiles/mirs_msgs__rosidl_generator_c.dir/rosidl_generator_c/mirs_msgs/srv/detail/params__functions.c.o[0m
[3.046s] [  5%] [32mBuilding C object CMakeFiles/mirs_msgs__rosidl_generator_c.dir/rosidl_generator_c/mirs_msgs/srv/detail/parameter_update__functions.c.o[0m
[3.047s] [  4%] [32mBuilding C object CMakeFiles/mirs_msgs__rosidl_generator_c.dir/rosidl_generator_c/mirs_msgs/srv/detail/number_command__functions.c.o[0m
[3.047s] [  6%] [32mBuilding C object CMakeFiles/mirs_msgs__rosidl_generator_c.dir/rosidl_generator_c/mirs_msgs/srv/detail/basic_command__functions.c.o[0m
[3.047s] [  8%] [34m[1mGenerating C++ type support dispatch for ROS interfaces[0m
[3.047s] [  9%] [32mBuilding C object CMakeFiles/mirs_msgs__rosidl_generator_c.dir/rosidl_generator_c/mirs_msgs/action/detail/trigger__functions.c.o[0m
[3.047s] [ 11%] [34m[1mGenerating C++ introspection for ROS interfaces[0m
[3.047s] [ 11%] [32mBuilding C object CMakeFiles/mirs_msgs__rosidl_generator_c.dir/rosidl_generator_c/mirs_msgs/msg/detail/basic_param__functions.c.o[0m
[3.048s] [ 13%] [34m[1mGenerating C++ type support for eProsima Fast-RTPS[0m
[3.049s] [ 13%] [32mBuilding C object CMakeFiles/mirs_msgs__rosidl_generator_c.dir/rosidl_generator_c/mirs_msgs/srv/detail/simple_command__functions.c.o[0m
[3.056s] [ 14%] [32mBuilding C object CMakeFiles/mirs_msgs__rosidl_generator_c.dir/rosidl_generator_c/mirs_msgs/action/detail/parameter_trigger__functions.c.o[0m
[3.237s] [ 16%] [32m[1mLinking C shared library libmirs_msgs__rosidl_generator_c.so[0m
[3.303s] [ 16%] Built target mirs_msgs__rosidl_generator_c
[3.321s] [ 19%] [34m[1mGenerating C type support for eProsima Fast-RTPS[0m
[3.321s] [ 19%] [34m[1mGenerating C introspection for ROS interfaces[0m
[3.321s] [ 19%] [34m[1mGenerating C type support dispatch for ROS interfaces[0m
[3.928s] [ 20%] [32mBuilding CXX object CMakeFiles/mirs_msgs__rosidl_typesupport_cpp.dir/rosidl_typesupport_cpp/mirs_msgs/srv/number_command__type_support.cpp.o[0m
[3.929s] [ 21%] [32mBuilding CXX object CMakeFiles/mirs_msgs__rosidl_typesupport_cpp.dir/rosidl_typesupport_cpp/mirs_msgs/srv/simple_command__type_support.cpp.o[0m
[3.929s] [ 22%] [32mBuilding CXX object CMakeFiles/mirs_msgs__rosidl_typesupport_cpp.dir/rosidl_typesupport_cpp/mirs_msgs/srv/parameter_update__type_support.cpp.o[0m
[3.930s] [ 24%] [32mBuilding CXX object CMakeFiles/mirs_msgs__rosidl_typesupport_cpp.dir/rosidl_typesupport_cpp/mirs_msgs/srv/basic_command__type_support.cpp.o[0m
[3.935s] [ 26%] [32mBuilding CXX object CMakeFiles/mirs_msgs__rosidl_typesupport_cpp.dir/rosidl_typesupport_cpp/mirs_msgs/msg/basic_param__type_support.cpp.o[0m
[3.939s] [ 26%] [32mBuilding CXX object CMakeFiles/mirs_msgs__rosidl_typesupport_cpp.dir/rosidl_typesupport_cpp/mirs_msgs/action/trigger__type_support.cpp.o[0m
[3.940s] [ 27%] [32mBuilding CXX object CMakeFiles/mirs_msgs__rosidl_typesupport_cpp.dir/rosidl_typesupport_cpp/mirs_msgs/srv/params__type_support.cpp.o[0m
[3.943s] [ 28%] [32mBuilding CXX object CMakeFiles/mirs_msgs__rosidl_typesupport_cpp.dir/rosidl_typesupport_cpp/mirs_msgs/action/parameter_trigger__type_support.cpp.o[0m
[4.338s] [ 29%] [32mBuilding CXX object CMakeFiles/mirs_msgs__rosidl_typesupport_c.dir/rosidl_typesupport_c/mirs_msgs/srv/parameter_update__type_support.cpp.o[0m
[4.347s] [ 31%] [32mBuilding CXX object CMakeFiles/mirs_msgs__rosidl_typesupport_c.dir/rosidl_typesupport_c/mirs_msgs/srv/params__type_support.cpp.o[0m
[4.354s] [ 32%] [32mBuilding CXX object CMakeFiles/mirs_msgs__rosidl_typesupport_c.dir/rosidl_typesupport_c/mirs_msgs/srv/simple_command__type_support.cpp.o[0m
[4.358s] [ 33%] [32mBuilding CXX object CMakeFiles/mirs_msgs__rosidl_typesupport_introspection_cpp.dir/rosidl_typesupport_introspection_cpp/mirs_msgs/srv/detail/params__type_support.cpp.o[0m
[4.363s] [ 34%] [32mBuilding CXX object CMakeFiles/mirs_msgs__rosidl_typesupport_c.dir/rosidl_typesupport_c/mirs_msgs/srv/basic_command__type_support.cpp.o[0m
[4.432s] [ 35%] [32mBuilding CXX object CMakeFiles/mirs_msgs__rosidl_typesupport_introspection_cpp.dir/rosidl_typesupport_introspection_cpp/mirs_msgs/srv/detail/parameter_update__type_support.cpp.o[0m
[4.453s] [ 36%] [32mBuilding CXX object CMakeFiles/mirs_msgs__rosidl_typesupport_c.dir/rosidl_typesupport_c/mirs_msgs/msg/basic_param__type_support.cpp.o[0m
[4.455s] [ 37%] [32mBuilding CXX object CMakeFiles/mirs_msgs__rosidl_typesupport_introspection_cpp.dir/rosidl_typesupport_introspection_cpp/mirs_msgs/srv/detail/simple_command__type_support.cpp.o[0m
[4.457s] [ 39%] [32mBuilding CXX object CMakeFiles/mirs_msgs__rosidl_typesupport_c.dir/rosidl_typesupport_c/mirs_msgs/srv/number_command__type_support.cpp.o[0m
[4.466s] [ 40%] [32mBuilding CXX object CMakeFiles/mirs_msgs__rosidl_typesupport_introspection_cpp.dir/rosidl_typesupport_introspection_cpp/mirs_msgs/srv/detail/basic_command__type_support.cpp.o[0m
[4.469s] [ 41%] [32mBuilding CXX object CMakeFiles/mirs_msgs__rosidl_typesupport_c.dir/rosidl_typesupport_c/mirs_msgs/action/trigger__type_support.cpp.o[0m
[4.511s] [ 42%] [32mBuilding CXX object CMakeFiles/mirs_msgs__rosidl_typesupport_introspection_cpp.dir/rosidl_typesupport_introspection_cpp/mirs_msgs/srv/detail/number_command__type_support.cpp.o[0m
[4.545s] [ 43%] [32mBuilding CXX object CMakeFiles/mirs_msgs__rosidl_typesupport_c.dir/rosidl_typesupport_c/mirs_msgs/action/parameter_trigger__type_support.cpp.o[0m
[4.554s] [ 44%] [32mBuilding CXX object CMakeFiles/mirs_msgs__rosidl_typesupport_introspection_cpp.dir/rosidl_typesupport_introspection_cpp/mirs_msgs/msg/detail/basic_param__type_support.cpp.o[0m
[4.555s] [ 45%] [32mBuilding CXX object CMakeFiles/mirs_msgs__rosidl_typesupport_introspection_cpp.dir/rosidl_typesupport_introspection_cpp/mirs_msgs/action/detail/trigger__type_support.cpp.o[0m
[4.624s] [ 47%] [32mBuilding CXX object CMakeFiles/mirs_msgs__rosidl_typesupport_introspection_cpp.dir/rosidl_typesupport_introspection_cpp/mirs_msgs/action/detail/parameter_trigger__type_support.cpp.o[0m
[4.686s] [ 48%] [32m[1mLinking CXX shared library libmirs_msgs__rosidl_typesupport_c.so[0m
[4.896s] [ 48%] Built target mirs_msgs__rosidl_typesupport_c
[4.952s] [ 49%] [32mBuilding CXX object CMakeFiles/mirs_msgs__rosidl_typesupport_fastrtps_cpp.dir/rosidl_typesupport_fastrtps_cpp/mirs_msgs/srv/detail/dds_fastrtps/params__type_support.cpp.o[0m
[4.955s] [ 51%] [32mBuilding CXX object CMakeFiles/mirs_msgs__rosidl_typesupport_fastrtps_cpp.dir/rosidl_typesupport_fastrtps_cpp/mirs_msgs/srv/detail/dds_fastrtps/number_command__type_support.cpp.o[0m
[4.955s] [ 51%] [32mBuilding CXX object CMakeFiles/mirs_msgs__rosidl_typesupport_fastrtps_cpp.dir/rosidl_typesupport_fastrtps_cpp/mirs_msgs/srv/detail/dds_fastrtps/simple_command__type_support.cpp.o[0m
[4.960s] [ 52%] [32mBuilding CXX object CMakeFiles/mirs_msgs__rosidl_typesupport_fastrtps_cpp.dir/rosidl_typesupport_fastrtps_cpp/mirs_msgs/srv/detail/dds_fastrtps/parameter_update__type_support.cpp.o[0m
[4.960s] [ 54%] [32mBuilding CXX object CMakeFiles/mirs_msgs__rosidl_typesupport_fastrtps_cpp.dir/rosidl_typesupport_fastrtps_cpp/mirs_msgs/srv/detail/dds_fastrtps/basic_command__type_support.cpp.o[0m
[5.025s] [ 55%] [32m[1mLinking CXX shared library libmirs_msgs__rosidl_typesupport_cpp.so[0m
[5.120s] [ 56%] [32mBuilding CXX object CMakeFiles/mirs_msgs__rosidl_typesupport_fastrtps_cpp.dir/rosidl_typesupport_fastrtps_cpp/mirs_msgs/msg/detail/dds_fastrtps/basic_param__type_support.cpp.o[0m
[5.165s] [ 56%] Built target mirs_msgs__rosidl_typesupport_cpp
[5.220s] [ 57%] [32mBuilding CXX object CMakeFiles/mirs_msgs__rosidl_typesupport_fastrtps_cpp.dir/rosidl_typesupport_fastrtps_cpp/mirs_msgs/action/detail/dds_fastrtps/trigger__type_support.cpp.o[0m
[5.224s] [ 58%] [32mBuilding CXX object CMakeFiles/mirs_msgs__rosidl_typesupport_fastrtps_cpp.dir/rosidl_typesupport_fastrtps_cpp/mirs_msgs/action/detail/dds_fastrtps/parameter_trigger__type_support.cpp.o[0m
[5.393s] [ 59%] [32mBuilding C object CMakeFiles/mirs_msgs__rosidl_typesupport_introspection_c.dir/rosidl_typesupport_introspection_c/mirs_msgs/srv/detail/params__type_support.c.o[0m
[5.402s] [ 60%] [32mBuilding C object CMakeFiles/mirs_msgs__rosidl_typesupport_introspection_c.dir/rosidl_typesupport_introspection_c/mirs_msgs/srv/detail/parameter_update__type_support.c.o[0m
[5.411s] [ 62%] [32mBuilding C object CMakeFiles/mirs_msgs__rosidl_typesupport_introspection_c.dir/rosidl_typesupport_introspection_c/mirs_msgs/srv/detail/simple_command__type_support.c.o[0m
[5.414s] [ 63%] [32mBuilding C object CMakeFiles/mirs_msgs__rosidl_typesupport_introspection_c.dir/rosidl_typesupport_introspection_c/mirs_msgs/srv/detail/basic_command__type_support.c.o[0m
[5.475s] [ 64%] [32mBuilding CXX object CMakeFiles/mirs_msgs__rosidl_typesupport_fastrtps_c.dir/rosidl_typesupport_fastrtps_c/mirs_msgs/srv/detail/params__type_support_c.cpp.o[0m
[5.523s] [ 65%] [32mBuilding CXX object CMakeFiles/mirs_msgs__rosidl_typesupport_fastrtps_c.dir/rosidl_typesupport_fastrtps_c/mirs_msgs/srv/detail/parameter_update__type_support_c.cpp.o[0m
[5.528s] [ 66%] [32mBuilding C object CMakeFiles/mirs_msgs__rosidl_typesupport_introspection_c.dir/rosidl_typesupport_introspection_c/mirs_msgs/srv/detail/number_command__type_support.c.o[0m
[5.529s] [ 67%] [32mBuilding CXX object CMakeFiles/mirs_msgs__rosidl_typesupport_fastrtps_c.dir/rosidl_typesupport_fastrtps_c/mirs_msgs/srv/detail/simple_command__type_support_c.cpp.o[0m
[5.538s] [ 68%] [32mBuilding C object CMakeFiles/mirs_msgs__rosidl_typesupport_introspection_c.dir/rosidl_typesupport_introspection_c/mirs_msgs/msg/detail/basic_param__type_support.c.o[0m
[5.553s] [ 70%] [32mBuilding CXX object CMakeFiles/mirs_msgs__rosidl_typesupport_fastrtps_c.dir/rosidl_typesupport_fastrtps_c/mirs_msgs/srv/detail/basic_command__type_support_c.cpp.o[0m
[5.626s] [ 71%] [32mBuilding CXX object CMakeFiles/mirs_msgs__rosidl_typesupport_fastrtps_c.dir/rosidl_typesupport_fastrtps_c/mirs_msgs/srv/detail/number_command__type_support_c.cpp.o[0m
[5.663s] [ 72%] [32mBuilding C object CMakeFiles/mirs_msgs__rosidl_typesupport_introspection_c.dir/rosidl_typesupport_introspection_c/mirs_msgs/action/detail/trigger__type_support.c.o[0m
[5.799s] [ 73%] [32mBuilding C object CMakeFiles/mirs_msgs__rosidl_typesupport_introspection_c.dir/rosidl_typesupport_introspection_c/mirs_msgs/action/detail/parameter_trigger__type_support.c.o[0m
[5.814s] [ 74%] [32mBuilding CXX object CMakeFiles/mirs_msgs__rosidl_typesupport_fastrtps_c.dir/rosidl_typesupport_fastrtps_c/mirs_msgs/msg/detail/basic_param__type_support_c.cpp.o[0m
[5.817s] [ 75%] [32mBuilding CXX object CMakeFiles/mirs_msgs__rosidl_typesupport_fastrtps_c.dir/rosidl_typesupport_fastrtps_c/mirs_msgs/action/detail/trigger__type_support_c.cpp.o[0m
[5.867s] [ 77%] [32mBuilding CXX object CMakeFiles/mirs_msgs__rosidl_typesupport_fastrtps_c.dir/rosidl_typesupport_fastrtps_c/mirs_msgs/action/detail/parameter_trigger__type_support_c.cpp.o[0m
[5.946s] [ 78%] [32m[1mLinking C shared library libmirs_msgs__rosidl_typesupport_introspection_c.so[0m
[6.093s] [ 78%] Built target mirs_msgs__rosidl_typesupport_introspection_c
[6.340s] [ 80%] [32m[1mLinking CXX shared library libmirs_msgs__rosidl_typesupport_fastrtps_cpp.so[0m
[6.340s] [ 80%] [32m[1mLinking CXX shared library libmirs_msgs__rosidl_typesupport_introspection_cpp.so[0m
[6.506s] [ 80%] Built target mirs_msgs__rosidl_typesupport_introspection_cpp
[6.511s] [ 80%] Built target mirs_msgs__rosidl_typesupport_fastrtps_cpp
[6.512s] [ 81%] [32m[1mLinking CXX shared library libmirs_msgs__rosidl_typesupport_fastrtps_c.so[0m
[6.613s] [ 81%] Built target mirs_msgs__rosidl_typesupport_fastrtps_c
[6.636s] [ 81%] Built target mirs_msgs
[6.659s] [ 82%] [34m[1mGenerating Python code for ROS interfaces[0m
[8.623s] [ 82%] Built target mirs_msgs__py
[8.653s] [ 87%] [32mBuilding C object CMakeFiles/mirs_msgs__rosidl_generator_py.dir/rosidl_generator_py/mirs_msgs/srv/_number_command_s.c.o[0m
[8.653s] [ 87%] [32mBuilding C object CMakeFiles/mirs_msgs__rosidl_generator_py.dir/rosidl_generator_py/mirs_msgs/srv/_simple_command_s.c.o[0m
[8.653s] [ 88%] [32mBuilding C object CMakeFiles/mirs_msgs__rosidl_generator_py.dir/rosidl_generator_py/mirs_msgs/srv/_basic_command_s.c.o[0m
[8.654s] [ 88%] [32mBuilding C object CMakeFiles/mirs_msgs__rosidl_generator_py.dir/rosidl_generator_py/mirs_msgs/srv/_parameter_update_s.c.o[0m
[8.654s] [ 89%] [32mBuilding C object CMakeFiles/mirs_msgs__rosidl_generator_py.dir/rosidl_generator_py/mirs_msgs/action/_trigger_s.c.o[0m
[8.654s] [ 90%] [32mBuilding C object CMakeFiles/mirs_msgs__rosidl_generator_py.dir/rosidl_generator_py/mirs_msgs/srv/_params_s.c.o[0m
[8.654s] [ 90%] [32mBuilding C object CMakeFiles/mirs_msgs__rosidl_generator_py.dir/rosidl_generator_py/mirs_msgs/msg/_basic_param_s.c.o[0m
[8.654s] [ 91%] [32mBuilding C object CMakeFiles/mirs_msgs__rosidl_generator_py.dir/rosidl_generator_py/mirs_msgs/action/_parameter_trigger_s.c.o[0m
[8.872s] [ 93%] [32m[1mLinking C shared library rosidl_generator_py/mirs_msgs/libmirs_msgs__rosidl_generator_py.so[0m
[8.920s] [ 93%] Built target mirs_msgs__rosidl_generator_py
[8.944s] [ 95%] [32mBuilding C object CMakeFiles/mirs_msgs__rosidl_typesupport_fastrtps_c__pyext.dir/rosidl_generator_py/mirs_msgs/_mirs_msgs_s.ep.rosidl_typesupport_fastrtps_c.c.o[0m
[8.944s] [ 95%] [32mBuilding C object CMakeFiles/mirs_msgs__rosidl_typesupport_c__pyext.dir/rosidl_generator_py/mirs_msgs/_mirs_msgs_s.ep.rosidl_typesupport_c.c.o[0m
[8.953s] [ 96%] [32mBuilding C object CMakeFiles/mirs_msgs__rosidl_typesupport_introspection_c__pyext.dir/rosidl_generator_py/mirs_msgs/_mirs_msgs_s.ep.rosidl_typesupport_introspection_c.c.o[0m
[9.138s] [ 97%] [32m[1mLinking C shared library rosidl_generator_py/mirs_msgs/mirs_msgs_s__rosidl_typesupport_fastrtps_c.cpython-310-x86_64-linux-gnu.so[0m
[9.139s] [ 98%] [32m[1mLinking C shared library rosidl_generator_py/mirs_msgs/mirs_msgs_s__rosidl_typesupport_c.cpython-310-x86_64-linux-gnu.so[0m
[9.188s] [ 98%] Built target mirs_msgs__rosidl_typesupport_fastrtps_c__pyext
[9.189s] [ 98%] Built target mirs_msgs__rosidl_typesupport_c__pyext
[9.233s] [100%] [32m[1mLinking C shared library rosidl_generator_py/mirs_msgs/mirs_msgs_s__rosidl_typesupport_introspection_c.cpython-310-x86_64-linux-gnu.so[0m
[9.280s] [100%] Built target mirs_msgs__rosidl_typesupport_introspection_c__pyext
[9.296s] Invoked command in '/home/yzksy/mirs2502_standard/build/mirs_msgs' returned '0': CMAKE_PREFIX_PATH=${CMAKE_PREFIX_PATH}:/home/yzksy/mirs2502_standard/src/install/coverage_planner:/opt/ros/humble /usr/bin/cmake --build /home/yzksy/mirs2502_standard/build/mirs_msgs -- -j16 -l16
[9.298s] Invoking command in '/home/yzksy/mirs2502_standard/build/mirs_msgs': CMAKE_PREFIX_PATH=${CMAKE_PREFIX_PATH}:/home/yzksy/mirs2502_standard/src/install/coverage_planner:/opt/ros/humble /usr/bin/cmake --install /home/yzksy/mirs2502_standard/build/mirs_msgs
[9.307s] -- Install configuration: ""
[9.308s] -- Execute custom install script
[9.308s] -- Symlinking: /home/yzksy/mirs2502_standard/install/mirs_msgs/share/ament_index/resource_index/rosidl_interfaces/mirs_msgs
[9.320s] -- Symlinking: /home/yzksy/mirs2502_standard/install/mirs_msgs/include/mirs_msgs/mirs_msgs/action/detail/parameter_trigger__functions.h
[9.331s] -- Symlinking: /home/yzksy/mirs2502_standard/install/mirs_msgs/include/mirs_msgs/mirs_msgs/action/detail/parameter_trigger__struct.h
[9.341s] -- Symlinking: /home/yzksy/mirs2502_standard/install/mirs_msgs/include/mirs_msgs/mirs_msgs/action/detail/parameter_trigger__type_support.h
[9.352s] -- Symlinking: /home/yzksy/mirs2502_standard/install/mirs_msgs/include/mirs_msgs/mirs_msgs/action/detail/trigger__functions.h
[9.363s] -- Symlinking: /home/yzksy/mirs2502_standard/install/mirs_msgs/include/mirs_msgs/mirs_msgs/action/detail/trigger__struct.h
[9.373s] -- Symlinking: /home/yzksy/mirs2502_standard/install/mirs_msgs/include/mirs_msgs/mirs_msgs/action/detail/trigger__type_support.h
[9.384s] -- Symlinking: /home/yzksy/mirs2502_standard/install/mirs_msgs/include/mirs_msgs/mirs_msgs/action/parameter_trigger.h
[9.395s] -- Symlinking: /home/yzksy/mirs2502_standard/install/mirs_msgs/include/mirs_msgs/mirs_msgs/action/trigger.h
[9.405s] -- Symlinking: /home/yzksy/mirs2502_standard/install/mirs_msgs/include/mirs_msgs/mirs_msgs/msg/basic_param.h
[9.416s] -- Symlinking: /home/yzksy/mirs2502_standard/install/mirs_msgs/include/mirs_msgs/mirs_msgs/msg/detail/basic_param__functions.h
[9.426s] -- Symlinking: /home/yzksy/mirs2502_standard/install/mirs_msgs/include/mirs_msgs/mirs_msgs/msg/detail/basic_param__struct.h
[9.437s] -- Symlinking: /home/yzksy/mirs2502_standard/install/mirs_msgs/include/mirs_msgs/mirs_msgs/msg/detail/basic_param__type_support.h
[9.448s] -- Symlinking: /home/yzksy/mirs2502_standard/install/mirs_msgs/include/mirs_msgs/mirs_msgs/msg/rosidl_generator_c__visibility_control.h
[9.460s] -- Symlinking: /home/yzksy/mirs2502_standard/install/mirs_msgs/include/mirs_msgs/mirs_msgs/srv/basic_command.h
[9.471s] -- Symlinking: /home/yzksy/mirs2502_standard/install/mirs_msgs/include/mirs_msgs/mirs_msgs/srv/detail/basic_command__functions.h
[9.484s] -- Symlinking: /home/yzksy/mirs2502_standard/install/mirs_msgs/include/mirs_msgs/mirs_msgs/srv/detail/basic_command__struct.h
[9.496s] -- Symlinking: /home/yzksy/mirs2502_standard/install/mirs_msgs/include/mirs_msgs/mirs_msgs/srv/detail/basic_command__type_support.h
[9.506s] -- Symlinking: /home/yzksy/mirs2502_standard/install/mirs_msgs/include/mirs_msgs/mirs_msgs/srv/detail/number_command__functions.h
[9.518s] -- Symlinking: /home/yzksy/mirs2502_standard/install/mirs_msgs/include/mirs_msgs/mirs_msgs/srv/detail/number_command__struct.h
[9.529s] -- Symlinking: /home/yzksy/mirs2502_standard/install/mirs_msgs/include/mirs_msgs/mirs_msgs/srv/detail/number_command__type_support.h
[9.539s] -- Symlinking: /home/yzksy/mirs2502_standard/install/mirs_msgs/include/mirs_msgs/mirs_msgs/srv/detail/parameter_update__functions.h
[9.550s] -- Symlinking: /home/yzksy/mirs2502_standard/install/mirs_msgs/include/mirs_msgs/mirs_msgs/srv/detail/parameter_update__struct.h
[9.561s] -- Symlinking: /home/yzksy/mirs2502_standard/install/mirs_msgs/include/mirs_msgs/mirs_msgs/srv/detail/parameter_update__type_support.h
[9.571s] -- Symlinking: /home/yzksy/mirs2502_standard/install/mirs_msgs/include/mirs_msgs/mirs_msgs/srv/detail/params__functions.h
[9.583s] -- Symlinking: /home/yzksy/mirs2502_standard/install/mirs_msgs/include/mirs_msgs/mirs_msgs/srv/detail/params__struct.h
[9.595s] -- Symlinking: /home/yzksy/mirs2502_standard/install/mirs_msgs/include/mirs_msgs/mirs_msgs/srv/detail/params__type_support.h
[9.605s] -- Symlinking: /home/yzksy/mirs2502_standard/install/mirs_msgs/include/mirs_msgs/mirs_msgs/srv/detail/simple_command__functions.h
[9.615s] -- Symlinking: /home/yzksy/mirs2502_standard/install/mirs_msgs/include/mirs_msgs/mirs_msgs/srv/detail/simple_command__struct.h
[9.626s] -- Symlinking: /home/yzksy/mirs2502_standard/install/mirs_msgs/include/mirs_msgs/mirs_msgs/srv/detail/simple_command__type_support.h
[9.636s] -- Symlinking: /home/yzksy/mirs2502_standard/install/mirs_msgs/include/mirs_msgs/mirs_msgs/srv/number_command.h
[9.646s] -- Symlinking: /home/yzksy/mirs2502_standard/install/mirs_msgs/include/mirs_msgs/mirs_msgs/srv/parameter_update.h
[9.655s] -- Symlinking: /home/yzksy/mirs2502_standard/install/mirs_msgs/include/mirs_msgs/mirs_msgs/srv/params.h
[9.665s] -- Symlinking: /home/yzksy/mirs2502_standard/install/mirs_msgs/include/mirs_msgs/mirs_msgs/srv/simple_command.h
[9.675s] -- Symlinking: /home/yzksy/mirs2502_standard/install/mirs_msgs/share/mirs_msgs/environment/library_path.sh
[9.685s] -- Symlinking: /home/yzksy/mirs2502_standard/install/mirs_msgs/share/mirs_msgs/environment/library_path.dsv
[9.696s] -- Symlinking: /home/yzksy/mirs2502_standard/install/mirs_msgs/include/mirs_msgs/mirs_msgs/action/detail/parameter_trigger__rosidl_typesupport_fastrtps_c.h
[9.707s] -- Symlinking: /home/yzksy/mirs2502_standard/install/mirs_msgs/include/mirs_msgs/mirs_msgs/action/detail/trigger__rosidl_typesupport_fastrtps_c.h
[9.717s] -- Symlinking: /home/yzksy/mirs2502_standard/install/mirs_msgs/include/mirs_msgs/mirs_msgs/msg/detail/basic_param__rosidl_typesupport_fastrtps_c.h
[9.727s] -- Symlinking: /home/yzksy/mirs2502_standard/install/mirs_msgs/include/mirs_msgs/mirs_msgs/msg/rosidl_typesupport_fastrtps_c__visibility_control.h
[9.737s] -- Symlinking: /home/yzksy/mirs2502_standard/install/mirs_msgs/include/mirs_msgs/mirs_msgs/srv/detail/basic_command__rosidl_typesupport_fastrtps_c.h
[9.747s] -- Symlinking: /home/yzksy/mirs2502_standard/install/mirs_msgs/include/mirs_msgs/mirs_msgs/srv/detail/number_command__rosidl_typesupport_fastrtps_c.h
[9.757s] -- Symlinking: /home/yzksy/mirs2502_standard/install/mirs_msgs/include/mirs_msgs/mirs_msgs/srv/detail/parameter_update__rosidl_typesupport_fastrtps_c.h
[9.767s] -- Symlinking: /home/yzksy/mirs2502_standard/install/mirs_msgs/include/mirs_msgs/mirs_msgs/srv/detail/params__rosidl_typesupport_fastrtps_c.h
[9.777s] -- Symlinking: /home/yzksy/mirs2502_standard/install/mirs_msgs/include/mirs_msgs/mirs_msgs/srv/detail/simple_command__rosidl_typesupport_fastrtps_c.h
[9.787s] -- Symlinking: /home/yzksy/mirs2502_standard/install/mirs_msgs/include/mirs_msgs/mirs_msgs/action/detail/parameter_trigger__rosidl_typesupport_introspection_c.h
[9.797s] -- Symlinking: /home/yzksy/mirs2502_standard/install/mirs_msgs/include/mirs_msgs/mirs_msgs/action/detail/trigger__rosidl_typesupport_introspection_c.h
[9.807s] -- Symlinking: /home/yzksy/mirs2502_standard/install/mirs_msgs/include/mirs_msgs/mirs_msgs/msg/detail/basic_param__rosidl_typesupport_introspection_c.h
[9.817s] -- Symlinking: /home/yzksy/mirs2502_standard/install/mirs_msgs/include/mirs_msgs/mirs_msgs/msg/rosidl_typesupport_introspection_c__visibility_control.h
[9.826s] -- Symlinking: /home/yzksy/mirs2502_standard/install/mirs_msgs/include/mirs_msgs/mirs_msgs/srv/detail/basic_command__rosidl_typesupport_introspection_c.h
[9.836s] -- Symlinking: /home/yzksy/mirs2502_standard/install/mirs_msgs/include/mirs_msgs/mirs_msgs/srv/detail/number_command__rosidl_typesupport_introspection_c.h
[9.846s] -- Symlinking: /home/yzksy/mirs2502_standard/install/mirs_msgs/include/mirs_msgs/mirs_msgs/srv/detail/parameter_update__rosidl_typesupport_introspection_c.h
[9.855s] -- Symlinking: /home/yzksy/mirs2502_standard/install/mirs_msgs/include/mirs_msgs/mirs_msgs/srv/detail/params__rosidl_typesupport_introspection_c.h
[9.865s] -- Symlinking: /home/yzksy/mirs2502_standard/install/mirs_msgs/include/mirs_msgs/mirs_msgs/srv/detail/simple_command__rosidl_typesupport_introspection_c.h
[9.876s] -- Symlinking: /home/yzksy/mirs2502_standard/install/mirs_msgs/include/mirs_msgs/mirs_msgs/action/detail/parameter_trigger__builder.hpp
[9.886s] -- Symlinking: /home/yzksy/mirs2502_standard/install/mirs_msgs/include/mirs_msgs/mirs_msgs/action/detail/parameter_trigger__struct.hpp
[9.896s] -- Symlinking: /home/yzksy/mirs2502_standard/install/mirs_msgs/include/mirs_msgs/mirs_msgs/action/detail/parameter_trigger__traits.hpp
[9.906s] -- Symlinking: /home/yzksy/mirs2502_standard/install/mirs_msgs/include/mirs_msgs/mirs_msgs/action/detail/parameter_trigger__type_support.hpp
[9.916s] -- Symlinking: /home/yzksy/mirs2502_standard/install/mirs_msgs/include/mirs_msgs/mirs_msgs/action/detail/trigger__builder.hpp
[9.926s] -- Symlinking: /home/yzksy/mirs2502_standard/install/mirs_msgs/include/mirs_msgs/mirs_msgs/action/detail/trigger__struct.hpp
[9.935s] -- Symlinking: /home/yzksy/mirs2502_standard/install/mirs_msgs/include/mirs_msgs/mirs_msgs/action/detail/trigger__traits.hpp
[9.945s] -- Symlinking: /home/yzksy/mirs2502_standard/install/mirs_msgs/include/mirs_msgs/mirs_msgs/action/detail/trigger__type_support.hpp
[9.955s] -- Symlinking: /home/yzksy/mirs2502_standard/install/mirs_msgs/include/mirs_msgs/mirs_msgs/action/parameter_trigger.hpp
[9.966s] -- Symlinking: /home/yzksy/mirs2502_standard/install/mirs_msgs/include/mirs_msgs/mirs_msgs/action/trigger.hpp
[9.981s] -- Symlinking: /home/yzksy/mirs2502_standard/install/mirs_msgs/include/mirs_msgs/mirs_msgs/msg/basic_param.hpp
[9.995s] -- Symlinking: /home/yzksy/mirs2502_standard/install/mirs_msgs/include/mirs_msgs/mirs_msgs/msg/detail/basic_param__builder.hpp
[10.006s] -- Symlinking: /home/yzksy/mirs2502_standard/install/mirs_msgs/include/mirs_msgs/mirs_msgs/msg/detail/basic_param__struct.hpp
[10.018s] -- Symlinking: /home/yzksy/mirs2502_standard/install/mirs_msgs/include/mirs_msgs/mirs_msgs/msg/detail/basic_param__traits.hpp
[10.031s] -- Symlinking: /home/yzksy/mirs2502_standard/install/mirs_msgs/include/mirs_msgs/mirs_msgs/msg/detail/basic_param__type_support.hpp
[10.044s] -- Symlinking: /home/yzksy/mirs2502_standard/install/mirs_msgs/include/mirs_msgs/mirs_msgs/msg/rosidl_generator_cpp__visibility_control.hpp
[10.054s] -- Symlinking: /home/yzksy/mirs2502_standard/install/mirs_msgs/include/mirs_msgs/mirs_msgs/srv/basic_command.hpp
[10.066s] -- Symlinking: /home/yzksy/mirs2502_standard/install/mirs_msgs/include/mirs_msgs/mirs_msgs/srv/detail/basic_command__builder.hpp
[10.076s] -- Symlinking: /home/yzksy/mirs2502_standard/install/mirs_msgs/include/mirs_msgs/mirs_msgs/srv/detail/basic_command__struct.hpp
[10.087s] -- Symlinking: /home/yzksy/mirs2502_standard/install/mirs_msgs/include/mirs_msgs/mirs_msgs/srv/detail/basic_command__traits.hpp
[10.097s] -- Symlinking: /home/yzksy/mirs2502_standard/install/mirs_msgs/include/mirs_msgs/mirs_msgs/srv/detail/basic_command__type_support.hpp
[10.107s] -- Symlinking: /home/yzksy/mirs2502_standard/install/mirs_msgs/include/mirs_msgs/mirs_msgs/srv/detail/number_command__builder.hpp
[10.117s] -- Symlinking: /home/yzksy/mirs2502_standard/install/mirs_msgs/include/mirs_msgs/mirs_msgs/srv/detail/number_command__struct.hpp
[10.127s] -- Symlinking: /home/yzksy/mirs2502_standard/install/mirs_msgs/include/mirs_msgs/mirs_msgs/srv/detail/number_command__traits.hpp
[10.137s] -- Symlinking: /home/yzksy/mirs2502_standard/install/mirs_msgs/include/mirs_msgs/mirs_msgs/srv/detail/number_command__type_support.hpp
[10.149s] -- Symlinking: /home/yzksy/mirs2502_standard/install/mirs_msgs/include/mirs_msgs/mirs_msgs/srv/detail/parameter_update__builder.hpp
[10.159s] -- Symlinking: /home/yzksy/mirs2502_standard/install/mirs_msgs/include/mirs_msgs/mirs_msgs/srv/detail/parameter_update__struct.hpp
[10.169s] -- Symlinking: /home/yzksy/mirs2502_standard/install/mirs_msgs/include/mirs_msgs/mirs_msgs/srv/detail/parameter_update__traits.hpp
[10.180s] -- Symlinking: /home/yzksy/mirs2502_standard/install/mirs_msgs/include/mirs_msgs/mirs_msgs/srv/detail/parameter_update__type_support.hpp
[10.190s] -- Symlinking: /home/yzksy/mirs2502_standard/install/mirs_msgs/include/mirs_msgs/mirs_msgs/srv/detail/params__builder.hpp
[10.202s] -- Symlinking: /home/yzksy/mirs2502_standard/install/mirs_msgs/include/mirs_msgs/mirs_msgs/srv/detail/params__struct.hpp
[10.213s] -- Symlinking: /home/yzksy/mirs2502_standard/install/mirs_msgs/include/mirs_msgs/mirs_msgs/srv/detail/params__traits.hpp
[10.223s] -- Symlinking: /home/yzksy/mirs2502_standard/install/mirs_msgs/include/mirs_msgs/mirs_msgs/srv/detail/params__type_support.hpp
[10.233s] -- Symlinking: /home/yzksy/mirs2502_standard/install/mirs_msgs/include/mirs_msgs/mirs_msgs/srv/detail/simple_command__builder.hpp
[10.244s] -- Symlinking: /home/yzksy/mirs2502_standard/install/mirs_msgs/include/mirs_msgs/mirs_msgs/srv/detail/simple_command__struct.hpp
[10.254s] -- Symlinking: /home/yzksy/mirs2502_standard/install/mirs_msgs/include/mirs_msgs/mirs_msgs/srv/detail/simple_command__traits.hpp
[10.265s] -- Symlinking: /home/yzksy/mirs2502_standard/install/mirs_msgs/include/mirs_msgs/mirs_msgs/srv/detail/simple_command__type_support.hpp
[10.277s] -- Symlinking: /home/yzksy/mirs2502_standard/install/mirs_msgs/include/mirs_msgs/mirs_msgs/srv/number_command.hpp
[10.288s] -- Symlinking: /home/yzksy/mirs2502_standard/install/mirs_msgs/include/mirs_msgs/mirs_msgs/srv/parameter_update.hpp
[10.299s] -- Symlinking: /home/yzksy/mirs2502_standard/install/mirs_msgs/include/mirs_msgs/mirs_msgs/srv/params.hpp
[10.309s] -- Symlinking: /home/yzksy/mirs2502_standard/install/mirs_msgs/include/mirs_msgs/mirs_msgs/srv/simple_command.hpp
[10.321s] -- Symlinking: /home/yzksy/mirs2502_standard/install/mirs_msgs/include/mirs_msgs/mirs_msgs/action/detail/parameter_trigger__rosidl_typesupport_fastrtps_cpp.hpp
[10.331s] -- Symlinking: /home/yzksy/mirs2502_standard/install/mirs_msgs/include/mirs_msgs/mirs_msgs/action/detail/trigger__rosidl_typesupport_fastrtps_cpp.hpp
[10.341s] -- Symlinking: /home/yzksy/mirs2502_standard/install/mirs_msgs/include/mirs_msgs/mirs_msgs/msg/detail/basic_param__rosidl_typesupport_fastrtps_cpp.hpp
[10.352s] -- Symlinking: /home/yzksy/mirs2502_standard/install/mirs_msgs/include/mirs_msgs/mirs_msgs/msg/rosidl_typesupport_fastrtps_cpp__visibility_control.h
[10.362s] -- Symlinking: /home/yzksy/mirs2502_standard/install/mirs_msgs/include/mirs_msgs/mirs_msgs/srv/detail/basic_command__rosidl_typesupport_fastrtps_cpp.hpp
[10.373s] -- Symlinking: /home/yzksy/mirs2502_standard/install/mirs_msgs/include/mirs_msgs/mirs_msgs/srv/detail/number_command__rosidl_typesupport_fastrtps_cpp.hpp
[10.383s] -- Symlinking: /home/yzksy/mirs2502_standard/install/mirs_msgs/include/mirs_msgs/mirs_msgs/srv/detail/parameter_update__rosidl_typesupport_fastrtps_cpp.hpp
[10.394s] -- Symlinking: /home/yzksy/mirs2502_standard/install/mirs_msgs/include/mirs_msgs/mirs_msgs/srv/detail/params__rosidl_typesupport_fastrtps_cpp.hpp
[10.404s] -- Symlinking: /home/yzksy/mirs2502_standard/install/mirs_msgs/include/mirs_msgs/mirs_msgs/srv/detail/simple_command__rosidl_typesupport_fastrtps_cpp.hpp
[10.415s] -- Symlinking: /home/yzksy/mirs2502_standard/install/mirs_msgs/include/mirs_msgs/mirs_msgs/action/detail/parameter_trigger__rosidl_typesupport_introspection_cpp.hpp
[10.426s] -- Symlinking: /home/yzksy/mirs2502_standard/install/mirs_msgs/include/mirs_msgs/mirs_msgs/action/detail/trigger__rosidl_typesupport_introspection_cpp.hpp
[10.436s] -- Symlinking: /home/yzksy/mirs2502_standard/install/mirs_msgs/include/mirs_msgs/mirs_msgs/msg/detail/basic_param__rosidl_typesupport_introspection_cpp.hpp
[10.447s] -- Symlinking: /home/yzksy/mirs2502_standard/install/mirs_msgs/include/mirs_msgs/mirs_msgs/srv/detail/basic_command__rosidl_typesupport_introspection_cpp.hpp
[10.459s] -- Symlinking: /home/yzksy/mirs2502_standard/install/mirs_msgs/include/mirs_msgs/mirs_msgs/srv/detail/number_command__rosidl_typesupport_introspection_cpp.hpp
[10.469s] -- Symlinking: /home/yzksy/mirs2502_standard/install/mirs_msgs/include/mirs_msgs/mirs_msgs/srv/detail/parameter_update__rosidl_typesupport_introspection_cpp.hpp
[10.481s] -- Symlinking: /home/yzksy/mirs2502_standard/install/mirs_msgs/include/mirs_msgs/mirs_msgs/srv/detail/params__rosidl_typesupport_introspection_cpp.hpp
[10.492s] -- Symlinking: /home/yzksy/mirs2502_standard/install/mirs_msgs/include/mirs_msgs/mirs_msgs/srv/detail/simple_command__rosidl_typesupport_introspection_cpp.hpp
[10.507s] -- Symlinking: /home/yzksy/mirs2502_standard/install/mirs_msgs/share/mirs_msgs/environment/pythonpath.sh
[10.518s] -- Symlinking: /home/yzksy/mirs2502_standard/install/mirs_msgs/share/mirs_msgs/environment/pythonpath.dsv
[10.529s] -- Symlinking: /home/yzksy/mirs2502_standard/install/mirs_msgs/local/lib/python3.10/dist-packages/mirs_msgs-0.0.1-py3.10.egg-info/PKG-INFO
[10.540s] -- Symlinking: /home/yzksy/mirs2502_standard/install/mirs_msgs/local/lib/python3.10/dist-packages/mirs_msgs-0.0.1-py3.10.egg-info/SOURCES.txt
[10.551s] -- Symlinking: /home/yzksy/mirs2502_standard/install/mirs_msgs/local/lib/python3.10/dist-packages/mirs_msgs-0.0.1-py3.10.egg-info/dependency_links.txt
[10.562s] -- Symlinking: /home/yzksy/mirs2502_standard/install/mirs_msgs/local/lib/python3.10/dist-packages/mirs_msgs-0.0.1-py3.10.egg-info/top_level.txt
[10.574s] -- Symlinking: /home/yzksy/mirs2502_standard/install/mirs_msgs/local/lib/python3.10/dist-packages/mirs_msgs/__init__.py
[10.585s] -- Symlinking: /home/yzksy/mirs2502_standard/install/mirs_msgs/local/lib/python3.10/dist-packages/mirs_msgs/_mirs_msgs_s.ep.rosidl_typesupport_c.c
[10.595s] -- Symlinking: /home/yzksy/mirs2502_standard/install/mirs_msgs/local/lib/python3.10/dist-packages/mirs_msgs/_mirs_msgs_s.ep.rosidl_typesupport_fastrtps_c.c
[10.606s] -- Symlinking: /home/yzksy/mirs2502_standard/install/mirs_msgs/local/lib/python3.10/dist-packages/mirs_msgs/_mirs_msgs_s.ep.rosidl_typesupport_introspection_c.c
[10.616s] -- Symlinking: /home/yzksy/mirs2502_standard/install/mirs_msgs/local/lib/python3.10/dist-packages/mirs_msgs/action/__init__.py
[10.626s] -- Symlinking: /home/yzksy/mirs2502_standard/install/mirs_msgs/local/lib/python3.10/dist-packages/mirs_msgs/action/_parameter_trigger.py
[10.637s] -- Symlinking: /home/yzksy/mirs2502_standard/install/mirs_msgs/local/lib/python3.10/dist-packages/mirs_msgs/action/_parameter_trigger_s.c
[10.647s] -- Symlinking: /home/yzksy/mirs2502_standard/install/mirs_msgs/local/lib/python3.10/dist-packages/mirs_msgs/action/_trigger.py
[10.658s] -- Symlinking: /home/yzksy/mirs2502_standard/install/mirs_msgs/local/lib/python3.10/dist-packages/mirs_msgs/action/_trigger_s.c
[10.669s] -- Symlinking: /home/yzksy/mirs2502_standard/install/mirs_msgs/local/lib/python3.10/dist-packages/mirs_msgs/libmirs_msgs__rosidl_generator_py.so
[10.679s] -- Symlinking: /home/yzksy/mirs2502_standard/install/mirs_msgs/local/lib/python3.10/dist-packages/mirs_msgs/mirs_msgs_s__rosidl_typesupport_c.cpython-310-x86_64-linux-gnu.so
[10.690s] -- Symlinking: /home/yzksy/mirs2502_standard/install/mirs_msgs/local/lib/python3.10/dist-packages/mirs_msgs/mirs_msgs_s__rosidl_typesupport_fastrtps_c.cpython-310-x86_64-linux-gnu.so
[10.701s] -- Symlinking: /home/yzksy/mirs2502_standard/install/mirs_msgs/local/lib/python3.10/dist-packages/mirs_msgs/mirs_msgs_s__rosidl_typesupport_introspection_c.cpython-310-x86_64-linux-gnu.so
[10.713s] -- Symlinking: /home/yzksy/mirs2502_standard/install/mirs_msgs/local/lib/python3.10/dist-packages/mirs_msgs/msg/__init__.py
[10.723s] -- Symlinking: /home/yzksy/mirs2502_standard/install/mirs_msgs/local/lib/python3.10/dist-packages/mirs_msgs/msg/_basic_param.py
[10.734s] -- Symlinking: /home/yzksy/mirs2502_standard/install/mirs_msgs/local/lib/python3.10/dist-packages/mirs_msgs/msg/_basic_param_s.c
[10.746s] -- Symlinking: /home/yzksy/mirs2502_standard/install/mirs_msgs/local/lib/python3.10/dist-packages/mirs_msgs/srv/__init__.py
[10.757s] -- Symlinking: /home/yzksy/mirs2502_standard/install/mirs_msgs/local/lib/python3.10/dist-packages/mirs_msgs/srv/_basic_command.py
[10.768s] -- Symlinking: /home/yzksy/mirs2502_standard/install/mirs_msgs/local/lib/python3.10/dist-packages/mirs_msgs/srv/_basic_command_s.c
[10.780s] -- Symlinking: /home/yzksy/mirs2502_standard/install/mirs_msgs/local/lib/python3.10/dist-packages/mirs_msgs/srv/_number_command.py
[10.791s] -- Symlinking: /home/yzksy/mirs2502_standard/install/mirs_msgs/local/lib/python3.10/dist-packages/mirs_msgs/srv/_number_command_s.c
[10.803s] -- Symlinking: /home/yzksy/mirs2502_standard/install/mirs_msgs/local/lib/python3.10/dist-packages/mirs_msgs/srv/_parameter_update.py
[10.815s] -- Symlinking: /home/yzksy/mirs2502_standard/install/mirs_msgs/local/lib/python3.10/dist-packages/mirs_msgs/srv/_parameter_update_s.c
[10.826s] -- Symlinking: /home/yzksy/mirs2502_standard/install/mirs_msgs/local/lib/python3.10/dist-packages/mirs_msgs/srv/_params.py
[10.837s] -- Symlinking: /home/yzksy/mirs2502_standard/install/mirs_msgs/local/lib/python3.10/dist-packages/mirs_msgs/srv/_params_s.c
[10.848s] -- Symlinking: /home/yzksy/mirs2502_standard/install/mirs_msgs/local/lib/python3.10/dist-packages/mirs_msgs/srv/_simple_command.py
[10.859s] -- Symlinking: /home/yzksy/mirs2502_standard/install/mirs_msgs/local/lib/python3.10/dist-packages/mirs_msgs/srv/_simple_command_s.c
[10.871s] -- Up-to-date symlink: /home/yzksy/mirs2502_standard/install/mirs_msgs/local/lib/python3.10/dist-packages/mirs_msgs/mirs_msgs_s__rosidl_typesupport_fastrtps_c.cpython-310-x86_64-linux-gnu.so
[10.871s] -- Up-to-date symlink: /home/yzksy/mirs2502_standard/install/mirs_msgs/local/lib/python3.10/dist-packages/mirs_msgs/mirs_msgs_s__rosidl_typesupport_introspection_c.cpython-310-x86_64-linux-gnu.so
[10.871s] -- Up-to-date symlink: /home/yzksy/mirs2502_standard/install/mirs_msgs/local/lib/python3.10/dist-packages/mirs_msgs/mirs_msgs_s__rosidl_typesupport_c.cpython-310-x86_64-linux-gnu.so
[10.871s] -- Symlinking: /home/yzksy/mirs2502_standard/install/mirs_msgs/share/mirs_msgs/srv/Params.idl
[10.883s] -- Symlinking: /home/yzksy/mirs2502_standard/install/mirs_msgs/share/mirs_msgs/srv/ParameterUpdate.idl
[10.894s] -- Symlinking: /home/yzksy/mirs2502_standard/install/mirs_msgs/share/mirs_msgs/srv/SimpleCommand.idl
[10.906s] -- Symlinking: /home/yzksy/mirs2502_standard/install/mirs_msgs/share/mirs_msgs/srv/BasicCommand.idl
[10.918s] -- Symlinking: /home/yzksy/mirs2502_standard/install/mirs_msgs/share/mirs_msgs/srv/NumberCommand.idl
[10.930s] -- Symlinking: /home/yzksy/mirs2502_standard/install/mirs_msgs/share/mirs_msgs/msg/BasicParam.idl
[10.940s] -- Symlinking: /home/yzksy/mirs2502_standard/install/mirs_msgs/share/mirs_msgs/action/Trigger.idl
[10.952s] -- Symlinking: /home/yzksy/mirs2502_standard/install/mirs_msgs/share/mirs_msgs/action/ParameterTrigger.idl
[10.964s] -- Symlinking: /home/yzksy/mirs2502_standard/install/mirs_msgs/share/mirs_msgs/srv/Params.srv
[10.979s] -- Symlinking: /home/yzksy/mirs2502_standard/install/mirs_msgs/share/mirs_msgs/srv/Params_Request.msg
[10.993s] -- Symlinking: /home/yzksy/mirs2502_standard/install/mirs_msgs/share/mirs_msgs/srv/Params_Response.msg
[11.007s] -- Symlinking: /home/yzksy/mirs2502_standard/install/mirs_msgs/share/mirs_msgs/srv/ParameterUpdate.srv
[11.023s] -- Symlinking: /home/yzksy/mirs2502_standard/install/mirs_msgs/share/mirs_msgs/srv/ParameterUpdate_Request.msg
[11.044s] -- Symlinking: /home/yzksy/mirs2502_standard/install/mirs_msgs/share/mirs_msgs/srv/ParameterUpdate_Response.msg
[11.063s] -- Symlinking: /home/yzksy/mirs2502_standard/install/mirs_msgs/share/mirs_msgs/srv/SimpleCommand.srv
[11.082s] -- Symlinking: /home/yzksy/mirs2502_standard/install/mirs_msgs/share/mirs_msgs/srv/SimpleCommand_Request.msg
[11.101s] -- Symlinking: /home/yzksy/mirs2502_standard/install/mirs_msgs/share/mirs_msgs/srv/SimpleCommand_Response.msg
[11.117s] -- Symlinking: /home/yzksy/mirs2502_standard/install/mirs_msgs/share/mirs_msgs/srv/BasicCommand.srv
[11.133s] -- Symlinking: /home/yzksy/mirs2502_standard/install/mirs_msgs/share/mirs_msgs/srv/BasicCommand_Request.msg
[11.145s] -- Symlinking: /home/yzksy/mirs2502_standard/install/mirs_msgs/share/mirs_msgs/srv/BasicCommand_Response.msg
[11.162s] -- Symlinking: /home/yzksy/mirs2502_standard/install/mirs_msgs/share/mirs_msgs/srv/NumberCommand.srv
[11.178s] -- Symlinking: /home/yzksy/mirs2502_standard/install/mirs_msgs/share/mirs_msgs/srv/NumberCommand_Request.msg
[11.191s] -- Symlinking: /home/yzksy/mirs2502_standard/install/mirs_msgs/share/mirs_msgs/srv/NumberCommand_Response.msg
[11.204s] -- Symlinking: /home/yzksy/mirs2502_standard/install/mirs_msgs/share/mirs_msgs/msg/BasicParam.msg
[11.217s] -- Symlinking: /home/yzksy/mirs2502_standard/install/mirs_msgs/share/mirs_msgs/action/Trigger.action
[11.229s] -- Symlinking: /home/yzksy/mirs2502_standard/install/mirs_msgs/share/mirs_msgs/action/ParameterTrigger.action
[11.241s] -- Symlinking: /home/yzksy/mirs2502_standard/install/mirs_msgs/share/ament_index/resource_index/package_run_dependencies/mirs_msgs
[11.254s] -- Symlinking: /home/yzksy/mirs2502_standard/install/mirs_msgs/share/ament_index/resource_index/parent_prefix_path/mirs_msgs
[11.266s] -- Symlinking: /home/yzksy/mirs2502_standard/install/mirs_msgs/share/mirs_msgs/environment/ament_prefix_path.sh
[11.278s] -- Symlinking: /home/yzksy/mirs2502_standard/install/mirs_msgs/share/mirs_msgs/environment/ament_prefix_path.dsv
[11.289s] -- Symlinking: /home/yzksy/mirs2502_standard/install/mirs_msgs/share/mirs_msgs/environment/path.sh
[11.301s] -- Symlinking: /home/yzksy/mirs2502_standard/install/mirs_msgs/share/mirs_msgs/environment/path.dsv
[11.313s] -- Symlinking: /home/yzksy/mirs2502_standard/install/mirs_msgs/share/mirs_msgs/local_setup.bash
[11.324s] -- Symlinking: /home/yzksy/mirs2502_standard/install/mirs_msgs/share/mirs_msgs/local_setup.sh
[11.335s] -- Symlinking: /home/yzksy/mirs2502_standard/install/mirs_msgs/share/mirs_msgs/local_setup.zsh
[11.346s] -- Symlinking: /home/yzksy/mirs2502_standard/install/mirs_msgs/share/mirs_msgs/local_setup.dsv
[11.356s] -- Symlinking: /home/yzksy/mirs2502_standard/install/mirs_msgs/share/mirs_msgs/package.dsv
[11.366s] -- Symlinking: /home/yzksy/mirs2502_standard/install/mirs_msgs/share/ament_index/resource_index/packages/mirs_msgs
[11.377s] -- Symlinking: /home/yzksy/mirs2502_standard/install/mirs_msgs/share/mirs_msgs/cmake/rosidl_cmake-extras.cmake
[11.388s] -- Symlinking: /home/yzksy/mirs2502_standard/install/mirs_msgs/share/mirs_msgs/cmake/ament_cmake_export_dependencies-extras.cmake
[11.398s] -- Symlinking: /home/yzksy/mirs2502_standard/install/mirs_msgs/share/mirs_msgs/cmake/ament_cmake_export_include_directories-extras.cmake
[11.409s] -- Symlinking: /home/yzksy/mirs2502_standard/install/mirs_msgs/share/mirs_msgs/cmake/ament_cmake_export_libraries-extras.cmake
[11.420s] -- Symlinking: /home/yzksy/mirs2502_standard/install/mirs_msgs/share/mirs_msgs/cmake/ament_cmake_export_targets-extras.cmake
[11.430s] -- Symlinking: /home/yzksy/mirs2502_standard/install/mirs_msgs/share/mirs_msgs/cmake/rosidl_cmake_export_typesupport_targets-extras.cmake
[11.441s] -- Symlinking: /home/yzksy/mirs2502_standard/install/mirs_msgs/share/mirs_msgs/cmake/rosidl_cmake_export_typesupport_libraries-extras.cmake
[11.451s] -- Symlinking: /home/yzksy/mirs2502_standard/install/mirs_msgs/share/mirs_msgs/cmake/mirs_msgsConfig.cmake
[11.462s] -- Symlinking: /home/yzksy/mirs2502_standard/install/mirs_msgs/share/mirs_msgs/cmake/mirs_msgsConfig-version.cmake
[11.475s] -- Symlinking: /home/yzksy/mirs2502_standard/install/mirs_msgs/share/mirs_msgs/package.xml
[11.485s] -- Installing: /home/yzksy/mirs2502_standard/install/mirs_msgs/lib/libmirs_msgs__rosidl_generator_c.so
[11.486s] -- Set runtime path of "/home/yzksy/mirs2502_standard/install/mirs_msgs/lib/libmirs_msgs__rosidl_generator_c.so" to ""
[11.486s] -- Installing: /home/yzksy/mirs2502_standard/install/mirs_msgs/lib/libmirs_msgs__rosidl_typesupport_fastrtps_c.so
[11.486s] -- Set runtime path of "/home/yzksy/mirs2502_standard/install/mirs_msgs/lib/libmirs_msgs__rosidl_typesupport_fastrtps_c.so" to ""
[11.486s] -- Installing: /home/yzksy/mirs2502_standard/install/mirs_msgs/lib/libmirs_msgs__rosidl_typesupport_introspection_c.so
[11.487s] -- Set runtime path of "/home/yzksy/mirs2502_standard/install/mirs_msgs/lib/libmirs_msgs__rosidl_typesupport_introspection_c.so" to ""
[11.487s] -- Installing: /home/yzksy/mirs2502_standard/install/mirs_msgs/lib/libmirs_msgs__rosidl_typesupport_c.so
[11.488s] -- Set runtime path of "/home/yzksy/mirs2502_standard/install/mirs_msgs/lib/libmirs_msgs__rosidl_typesupport_c.so" to ""
[11.488s] -- Installing: /home/yzksy/mirs2502_standard/install/mirs_msgs/lib/libmirs_msgs__rosidl_typesupport_fastrtps_cpp.so
[11.488s] -- Set runtime path of "/home/yzksy/mirs2502_standard/install/mirs_msgs/lib/libmirs_msgs__rosidl_typesupport_fastrtps_cpp.so" to ""
[11.488s] -- Installing: /home/yzksy/mirs2502_standard/install/mirs_msgs/lib/libmirs_msgs__rosidl_typesupport_introspection_cpp.so
[11.489s] -- Set runtime path of "/home/yzksy/mirs2502_standard/install/mirs_msgs/lib/libmirs_msgs__rosidl_typesupport_introspection_cpp.so" to ""
[11.489s] -- Installing: /home/yzksy/mirs2502_standard/install/mirs_msgs/lib/libmirs_msgs__rosidl_typesupport_cpp.so
[11.489s] -- Set runtime path of "/home/yzksy/mirs2502_standard/install/mirs_msgs/lib/libmirs_msgs__rosidl_typesupport_cpp.so" to ""
[11.550s] Listing '/home/yzksy/mirs2502_standard/install/mirs_msgs/local/lib/python3.10/dist-packages/mirs_msgs'...
[11.550s] Compiling '/home/yzksy/mirs2502_standard/install/mirs_msgs/local/lib/python3.10/dist-packages/mirs_msgs/__init__.py'...
[11.550s] Listing '/home/yzksy/mirs2502_standard/install/mirs_msgs/local/lib/python3.10/dist-packages/mirs_msgs/action'...
[11.550s] Compiling '/home/yzksy/mirs2502_standard/install/mirs_msgs/local/lib/python3.10/dist-packages/mirs_msgs/action/__init__.py'...
[11.551s] Compiling '/home/yzksy/mirs2502_standard/install/mirs_msgs/local/lib/python3.10/dist-packages/mirs_msgs/action/_parameter_trigger.py'...
[11.551s] Compiling '/home/yzksy/mirs2502_standard/install/mirs_msgs/local/lib/python3.10/dist-packages/mirs_msgs/action/_trigger.py'...
[11.551s] Listing '/home/yzksy/mirs2502_standard/install/mirs_msgs/local/lib/python3.10/dist-packages/mirs_msgs/msg'...
[11.551s] Compiling '/home/yzksy/mirs2502_standard/install/mirs_msgs/local/lib/python3.10/dist-packages/mirs_msgs/msg/__init__.py'...
[11.551s] Compiling '/home/yzksy/mirs2502_standard/install/mirs_msgs/local/lib/python3.10/dist-packages/mirs_msgs/msg/_basic_param.py'...
[11.551s] Listing '/home/yzksy/mirs2502_standard/install/mirs_msgs/local/lib/python3.10/dist-packages/mirs_msgs/srv'...
[11.551s] Compiling '/home/yzksy/mirs2502_standard/install/mirs_msgs/local/lib/python3.10/dist-packages/mirs_msgs/srv/__init__.py'...
[11.551s] Compiling '/home/yzksy/mirs2502_standard/install/mirs_msgs/local/lib/python3.10/dist-packages/mirs_msgs/srv/_basic_command.py'...
[11.551s] Compiling '/home/yzksy/mirs2502_standard/install/mirs_msgs/local/lib/python3.10/dist-packages/mirs_msgs/srv/_number_command.py'...
[11.551s] Compiling '/home/yzksy/mirs2502_standard/install/mirs_msgs/local/lib/python3.10/dist-packages/mirs_msgs/srv/_parameter_update.py'...
[11.551s] Compiling '/home/yzksy/mirs2502_standard/install/mirs_msgs/local/lib/python3.10/dist-packages/mirs_msgs/srv/_params.py'...
[11.551s] Compiling '/home/yzksy/mirs2502_standard/install/mirs_msgs/local/lib/python3.10/dist-packages/mirs_msgs/srv/_simple_command.py'...
[11.556s] -- Installing: /home/yzksy/mirs2502_standard/install/mirs_msgs/lib/libmirs_msgs__rosidl_generator_py.so
[11.556s] -- Set runtime path of "/home/yzksy/mirs2502_standard/install/mirs_msgs/lib/libmirs_msgs__rosidl_generator_py.so" to ""
[11.556s] -- Installing: /home/yzksy/mirs2502_standard/install/mirs_msgs/share/mirs_msgs/cmake/export_mirs_msgs__rosidl_generator_cExport.cmake
[11.557s] -- Installing: /home/yzksy/mirs2502_standard/install/mirs_msgs/share/mirs_msgs/cmake/export_mirs_msgs__rosidl_generator_cExport-noconfig.cmake
[11.557s] -- Installing: /home/yzksy/mirs2502_standard/install/mirs_msgs/share/mirs_msgs/cmake/export_mirs_msgs__rosidl_typesupport_fastrtps_cExport.cmake
[11.557s] -- Installing: /home/yzksy/mirs2502_standard/install/mirs_msgs/share/mirs_msgs/cmake/export_mirs_msgs__rosidl_typesupport_fastrtps_cExport-noconfig.cmake
[11.557s] -- Installing: /home/yzksy/mirs2502_standard/install/mirs_msgs/share/mirs_msgs/cmake/mirs_msgs__rosidl_typesupport_introspection_cExport.cmake
[11.557s] -- Installing: /home/yzksy/mirs2502_standard/install/mirs_msgs/share/mirs_msgs/cmake/mirs_msgs__rosidl_typesupport_introspection_cExport-noconfig.cmake
[11.557s] -- Installing: /home/yzksy/mirs2502_standard/install/mirs_msgs/share/mirs_msgs/cmake/mirs_msgs__rosidl_typesupport_cExport.cmake
[11.558s] -- Installing: /home/yzksy/mirs2502_standard/install/mirs_msgs/share/mirs_msgs/cmake/mirs_msgs__rosidl_typesupport_cExport-noconfig.cmake
[11.558s] -- Installing: /home/yzksy/mirs2502_standard/install/mirs_msgs/share/mirs_msgs/cmake/export_mirs_msgs__rosidl_generator_cppExport.cmake
[11.558s] -- Installing: /home/yzksy/mirs2502_standard/install/mirs_msgs/share/mirs_msgs/cmake/export_mirs_msgs__rosidl_typesupport_fastrtps_cppExport.cmake
[11.558s] -- Installing: /home/yzksy/mirs2502_standard/install/mirs_msgs/share/mirs_msgs/cmake/export_mirs_msgs__rosidl_typesupport_fastrtps_cppExport-noconfig.cmake
[11.558s] -- Installing: /home/yzksy/mirs2502_standard/install/mirs_msgs/share/mirs_msgs/cmake/mirs_msgs__rosidl_typesupport_introspection_cppExport.cmake
[11.558s] -- Installing: /home/yzksy/mirs2502_standard/install/mirs_msgs/share/mirs_msgs/cmake/mirs_msgs__rosidl_typesupport_introspection_cppExport-noconfig.cmake
[11.559s] -- Installing: /home/yzksy/mirs2502_standard/install/mirs_msgs/share/mirs_msgs/cmake/mirs_msgs__rosidl_typesupport_cppExport.cmake
[11.559s] -- Installing: /home/yzksy/mirs2502_standard/install/mirs_msgs/share/mirs_msgs/cmake/mirs_msgs__rosidl_typesupport_cppExport-noconfig.cmake
[11.559s] -- Installing: /home/yzksy/mirs2502_standard/install/mirs_msgs/share/mirs_msgs/cmake/export_mirs_msgs__rosidl_generator_pyExport.cmake
[11.559s] -- Installing: /home/yzksy/mirs2502_standard/install/mirs_msgs/share/mirs_msgs/cmake/export_mirs_msgs__rosidl_generator_pyExport-noconfig.cmake
[11.562s] Invoked command in '/home/yzksy/mirs2502_standard/build/mirs_msgs' returned '0': CMAKE_PREFIX_PATH=${CMAKE_PREFIX_PATH}:/home/yzksy/mirs2502_standard/src/install/coverage_planner:/opt/ros/humble /usr/bin/cmake --install /home/yzksy/mirs2502_standard/build/mirs_msgs
